{"name": "Тест: Проверка выхода из аккаунта", "status": "broken", "statusDetails": {"message": "selenium.common.exceptions.TimeoutException: Message: \nStacktrace:\nRemoteError@chrome://remote/content/shared/RemoteError.sys.mjs:8:8\nWebDriverError@chrome://remote/content/shared/webdriver/Errors.sys.mjs:193:5\nNoSuchElementError@chrome://remote/content/shared/webdriver/Errors.sys.mjs:511:5\ndom.find/</<@chrome://remote/content/shared/DOM.sys.mjs:136:16", "trace": "self = <tests.test_personal_account.TestsPersonalAccount object at 0x00000177CC7A6FD0>, driver = <selenium.webdriver.firefox.webdriver.WebDriver (session=\"83c52cfb-92e2-40b2-911a-f954d9815dee\")>\nuser = {'email': 'vordcyo@example.com', 'json': {'accessToken': 'Bearer eyJhbGciOiJIUzI1NiIsInR5cCI6IkpXVCJ9.eyJpZCI6IjY2NmIz...': True, 'user': {'email': 'vordcyo@example.com', 'name': 'reikaemx'}}, 'name': 'reikaemx', 'password': 'mpypxhdbynwg'}\n\n    @allure.title('Тест: Проверка выхода из аккаунта')\n    @allure.description('Проверяет, что пользователь может выйти из своего аккаунта и вернуться на страницу авторизации.')\n    def test_logout_account(self, driver, user):\n        personal_account_page = PersonalAccountPage(driver)\n        personal_account_page.navigate_to_url(Urls.LOGIN)\n        personal_account_page.login_account(user)\n        personal_account_page.go_to_personal_account()\n>       personal_account_page.logout_account()\n\ntests\\test_personal_account.py:36: \n_ _ _ _ _ _ _ _ _ _ _ _ _ _ _ _ _ _ _ _ _ _ _ _ _ _ _ _ _ _ _ _ _ _ _ _ _ _ _ _ _ _ _ _ _ _ _ _ _ _ _ _ _ _ _ _ _ _ _ _ _ _ _ _ _ _ _ _ _ _ _ _ _ _ _ _ _ _ _ _ _ _ _ _ _ _ _ _ _ _ _ _ _ _ _ _ _ \npages\\personal_account_page.py:31: in logout_account\n    self.click_element_when_clickable(PersonalAccountLocators.LOGOUT_BTN)\npages\\base_page.py:34: in click_element_when_clickable\n    return WebDriverWait(self.driver, time).until(ec.element_to_be_clickable(locator)).click()\n_ _ _ _ _ _ _ _ _ _ _ _ _ _ _ _ _ _ _ _ _ _ _ _ _ _ _ _ _ _ _ _ _ _ _ _ _ _ _ _ _ _ _ _ _ _ _ _ _ _ _ _ _ _ _ _ _ _ _ _ _ _ _ _ _ _ _ _ _ _ _ _ _ _ _ _ _ _ _ _ _ _ _ _ _ _ _ _ _ _ _ _ _ _ _ _ _ \n\nself = <selenium.webdriver.support.wait.WebDriverWait (session=\"83c52cfb-92e2-40b2-911a-f954d9815dee\")>, method = <function element_to_be_clickable.<locals>._predicate at 0x00000177CC863380>\nmessage = ''\n\n    def until(self, method: Callable[[D], Union[Literal[False], T]], message: str = \"\") -> T:\n        \"\"\"Calls the method provided with the driver as an argument until the \\\n        return value does not evaluate to ``False``.\n    \n        :param method: callable(WebDriver)\n        :param message: optional message for :exc:`TimeoutException`\n        :returns: the result of the last call to `method`\n        :raises: :exc:`selenium.common.exceptions.TimeoutException` if timeout occurs\n        \"\"\"\n        screen = None\n        stacktrace = None\n    \n        end_time = time.monotonic() + self._timeout\n        while True:\n            try:\n                value = method(self._driver)\n                if value:\n                    return value\n            except self._ignored_exceptions as exc:\n                screen = getattr(exc, \"screen\", None)\n                stacktrace = getattr(exc, \"stacktrace\", None)\n            time.sleep(self._poll)\n            if time.monotonic() > end_time:\n                break\n>       raise TimeoutException(message, screen, stacktrace)\nE       selenium.common.exceptions.TimeoutException: Message: \nE       Stacktrace:\nE       RemoteError@chrome://remote/content/shared/RemoteError.sys.mjs:8:8\nE       WebDriverError@chrome://remote/content/shared/webdriver/Errors.sys.mjs:193:5\nE       NoSuchElementError@chrome://remote/content/shared/webdriver/Errors.sys.mjs:511:5\nE       dom.find/</<@chrome://remote/content/shared/DOM.sys.mjs:136:16\n\n.venv\\Lib\\site-packages\\selenium\\webdriver\\support\\wait.py:105: TimeoutException"}, "description": "Проверяет, что пользователь может выйти из своего аккаунта и вернуться на страницу авторизации.", "steps": [{"name": "Авторизация", "status": "passed", "parameters": [{"name": "data", "value": "{'email': 'vordcyo@example.com', 'name': 'reikaemx', 'password': 'mpypxhdbynwg', 'json': {'success': True, 'user': {'email': 'vordcyo@example.com', 'name': 'reikaemx'}, 'accessToken': 'Bearer eyJhbGciOiJIUzI1NiIsInR5cCI6IkpXVCJ9.eyJpZCI6IjY2NmIzMThjOWVkMjgwMDAxYjQzYmE3MSIsImlhdCI6MTcxODMwMTA2OCwiZXhwIjoxNzE4MzAyMjY4fQ.e7gfypQPAptKsPj2xigMMue-_iXCBcbysXkoQmuHly8', 'refreshToken': '141e91ba73753ed2f2ee8656a3b663818198a836c14c405e92f1a62fed22a8e07ec74c1902d89d5f'}}"}], "start": 1718301068835, "stop": 1718301068960}, {"name": "Нажимаем на кнопку Личный кабинет", "status": "passed", "start": 1718301068960, "stop": 1718301069192}, {"name": "Ищем и нажимаем на кнопку Выход из аккаунта", "status": "broken", "statusDetails": {"message": "selenium.common.exceptions.TimeoutException: Message: \nStacktrace:\nRemoteError@chrome://remote/content/shared/RemoteError.sys.mjs:8:8\nWebDriverError@chrome://remote/content/shared/webdriver/Errors.sys.mjs:193:5\nNoSuchElementError@chrome://remote/content/shared/webdriver/Errors.sys.mjs:511:5\ndom.find/</<@chrome://remote/content/shared/DOM.sys.mjs:136:16\n\n", "trace": "  File \"C:\\Users\\coroniola\\Downloads\\D1\\Diplom_3\\.venv\\Lib\\site-packages\\allure_commons\\_allure.py\", line 192, in impl\n    return func(*a, **kw)\n           ^^^^^^^^^^^^^^\n  File \"C:\\Users\\coroniola\\Downloads\\D1\\Diplom_3\\pages\\personal_account_page.py\", line 31, in logout_account\n    self.click_element_when_clickable(PersonalAccountLocators.LOGOUT_BTN)\n  File \"C:\\Users\\coroniola\\Downloads\\D1\\Diplom_3\\pages\\base_page.py\", line 34, in click_element_when_clickable\n    return WebDriverWait(self.driver, time).until(ec.element_to_be_clickable(locator)).click()\n           ^^^^^^^^^^^^^^^^^^^^^^^^^^^^^^^^^^^^^^^^^^^^^^^^^^^^^^^^^^^^^^^^^^^^^^^^^^^\n  File \"C:\\Users\\coroniola\\Downloads\\D1\\Diplom_3\\.venv\\Lib\\site-packages\\selenium\\webdriver\\support\\wait.py\", line 105, in until\n    raise TimeoutException(message, screen, stacktrace)\n"}, "start": 1718301069192, "stop": 1718301079701}], "parameters": [{"name": "driver", "value": "'firefox'"}], "start": 1718301068289, "stop": 1718301079703, "uuid": "b7d3e6c2-077d-4438-8d7f-e3cfcce390c5", "historyId": "1b1d0bdbc1d788f80a59d85327f114cb", "testCaseId": "d7db90c4ae74d3bf4b79f607ce69427b", "fullName": "tests.test_personal_account.TestsPersonalAccount#test_logout_account", "labels": [{"name": "parentSuite", "value": "tests"}, {"name": "suite", "value": "test_personal_account"}, {"name": "subSuite", "value": "TestsPersonalAccount"}, {"name": "host", "value": "WIN-FL5IV5LS9IV"}, {"name": "thread", "value": "19436-MainThread"}, {"name": "framework", "value": "pytest"}, {"name": "language", "value": "cpython3"}, {"name": "package", "value": "tests.test_personal_account"}]}